<?xml version="1.0" encoding="UTF-8"?>
<!-- Generated by org.testng.reporters.JUnitReportReporter -->
<testsuite hostname="DESKTOP-3UIJC0B" name="com.qa.tests.GetAPITest" tests="2" failures="0" timestamp="21 Feb 2021 19:41:52 GMT" time="2.666" errors="0">
  <testcase name="getAPITestWithHeader" time="0.419" classname="com.qa.tests.GetAPITest"/>
  <testcase name="getAPITestWithoutHeaders" time="2.247" classname="com.qa.tests.GetAPITest"/>
</testsuite> <!-- com.qa.tests.GetAPITest -->
