<?xml version="1.0" encoding="UTF-8"?>
<!-- Generated by org.testng.reporters.JUnitReportReporter -->
<testsuite hostname="DESKTOP-3UIJC0B" name="com.qa.tests.PostAPITest" tests="1" failures="0" timestamp="22 Feb 2021 07:08:06 GMT" time="3.164" errors="0">
  <testcase name="postAPITest" time="3.164" classname="com.qa.tests.PostAPITest"/>
</testsuite> <!-- com.qa.tests.PostAPITest -->
